WARNING - 2024-07-26 02:45:44 --> [DEPRECATED] Setting lowercase HTTP method key "get" is deprecated. Use uppercase HTTP method like "GET". in SYSTEMPATH/Filters/Filters.php on line 648.
 1 SYSTEMPATH/Filters/Filters.php(648): trigger_error('Setting lowercase HTTP method key "get" is deprecated. Use uppercase HTTP method like "GET".', 16384)
 2 SYSTEMPATH/Filters/Filters.php(399): CodeIgniter\Filters\Filters->processMethods()
 3 SYSTEMPATH/Filters/Filters.php(181): CodeIgniter\Filters\Filters->initialize('demo')
 4 SYSTEMPATH/CodeIgniter.php(481): CodeIgniter\Filters\Filters->run('demo', 'before')
 5 SYSTEMPATH/CodeIgniter.php(355): CodeIgniter\CodeIgniter->handleRequest(null, Object(Config\Cache), false)
 6 SYSTEMPATH/Boot.php(325): CodeIgniter\CodeIgniter->run()
 7 SYSTEMPATH/Boot.php(67): CodeIgniter\Boot::runCodeIgniter(Object(CodeIgniter\CodeIgniter))
 8 FCPATH/index.php(56): CodeIgniter\Boot::bootWeb(Object(Config\Paths))
 9 SYSTEMPATH/rewrite.php(44): require_once('/Applications/MAMP/htdocs/ci4_sakerp24.api/index.php')
WARNING - 2024-07-26 02:45:49 --> [DEPRECATED] Setting lowercase HTTP method key "get" is deprecated. Use uppercase HTTP method like "GET". in SYSTEMPATH/Filters/Filters.php on line 648.
 1 SYSTEMPATH/Filters/Filters.php(648): trigger_error('Setting lowercase HTTP method key "get" is deprecated. Use uppercase HTTP method like "GET".', 16384)
 2 SYSTEMPATH/Filters/Filters.php(399): CodeIgniter\Filters\Filters->processMethods()
 3 SYSTEMPATH/Filters/Filters.php(181): CodeIgniter\Filters\Filters->initialize('demo')
 4 SYSTEMPATH/CodeIgniter.php(481): CodeIgniter\Filters\Filters->run('demo', 'before')
 5 SYSTEMPATH/CodeIgniter.php(355): CodeIgniter\CodeIgniter->handleRequest(null, Object(Config\Cache), false)
 6 SYSTEMPATH/Boot.php(325): CodeIgniter\CodeIgniter->run()
 7 SYSTEMPATH/Boot.php(67): CodeIgniter\Boot::runCodeIgniter(Object(CodeIgniter\CodeIgniter))
 8 FCPATH/index.php(56): CodeIgniter\Boot::bootWeb(Object(Config\Paths))
 9 SYSTEMPATH/rewrite.php(44): require_once('/Applications/MAMP/htdocs/ci4_sakerp24.api/index.php')
