WARNING - 2024-08-13 07:23:17 --> [DEPRECATED] Setting lowercase HTTP method key "get" is deprecated. Use uppercase HTTP method like "GET". in SYSTEMPATH/Filters/Filters.php on line 648.
 1 SYSTEMPATH/Filters/Filters.php(648): trigger_error('Setting lowercase HTTP method key "get" is deprecated. Use uppercase HTTP method like "GET".', 16384)
 2 SYSTEMPATH/Filters/Filters.php(399): CodeIgniter\Filters\Filters->processMethods()
 3 SYSTEMPATH/Filters/Filters.php(181): CodeIgniter\Filters\Filters->initialize('demo')
 4 SYSTEMPATH/CodeIgniter.php(481): CodeIgniter\Filters\Filters->run('demo', 'before')
 5 SYSTEMPATH/CodeIgniter.php(355): CodeIgniter\CodeIgniter->handleRequest(null, Object(Config\Cache), false)
 6 SYSTEMPATH/Boot.php(325): CodeIgniter\CodeIgniter->run()
 7 SYSTEMPATH/Boot.php(67): CodeIgniter\Boot::runCodeIgniter(Object(CodeIgniter\CodeIgniter))
 8 FCPATH/index.php(56): CodeIgniter\Boot::bootWeb(Object(Config\Paths))
 9 SYSTEMPATH/rewrite.php(44): require_once('/Applications/MAMP/htdocs/ci4_sakerp24.api/index.php')
WARNING - 2024-08-13 07:48:05 --> [DEPRECATED] Setting lowercase HTTP method key "get" is deprecated. Use uppercase HTTP method like "GET". in SYSTEMPATH/Filters/Filters.php on line 648.
 1 SYSTEMPATH/Filters/Filters.php(648): trigger_error('Setting lowercase HTTP method key "get" is deprecated. Use uppercase HTTP method like "GET".', 16384)
 2 SYSTEMPATH/Filters/Filters.php(399): CodeIgniter\Filters\Filters->processMethods()
 3 SYSTEMPATH/Filters/Filters.php(181): CodeIgniter\Filters\Filters->initialize('demo')
 4 SYSTEMPATH/CodeIgniter.php(481): CodeIgniter\Filters\Filters->run('demo', 'before')
 5 SYSTEMPATH/CodeIgniter.php(355): CodeIgniter\CodeIgniter->handleRequest(null, Object(Config\Cache), false)
 6 SYSTEMPATH/Boot.php(325): CodeIgniter\CodeIgniter->run()
 7 SYSTEMPATH/Boot.php(67): CodeIgniter\Boot::runCodeIgniter(Object(CodeIgniter\CodeIgniter))
 8 FCPATH/index.php(56): CodeIgniter\Boot::bootWeb(Object(Config\Paths))
 9 SYSTEMPATH/rewrite.php(44): require_once('/Applications/MAMP/htdocs/ci4_sakerp24.api/index.php')
WARNING - 2024-08-13 07:48:05 --> [DEPRECATED] Setting lowercase HTTP method key "get" is deprecated. Use uppercase HTTP method like "GET". in SYSTEMPATH/Filters/Filters.php on line 648.
 1 SYSTEMPATH/Filters/Filters.php(648): trigger_error('Setting lowercase HTTP method key "get" is deprecated. Use uppercase HTTP method like "GET".', 16384)
 2 SYSTEMPATH/Filters/Filters.php(399): CodeIgniter\Filters\Filters->processMethods()
 3 SYSTEMPATH/Filters/Filters.php(181): CodeIgniter\Filters\Filters->initialize('demo')
 4 SYSTEMPATH/CodeIgniter.php(481): CodeIgniter\Filters\Filters->run('demo', 'before')
 5 SYSTEMPATH/CodeIgniter.php(355): CodeIgniter\CodeIgniter->handleRequest(null, Object(Config\Cache), false)
 6 SYSTEMPATH/Boot.php(325): CodeIgniter\CodeIgniter->run()
 7 SYSTEMPATH/Boot.php(67): CodeIgniter\Boot::runCodeIgniter(Object(CodeIgniter\CodeIgniter))
 8 FCPATH/index.php(56): CodeIgniter\Boot::bootWeb(Object(Config\Paths))
 9 SYSTEMPATH/rewrite.php(44): require_once('/Applications/MAMP/htdocs/ci4_sakerp24.api/index.php')
WARNING - 2024-08-13 07:55:50 --> [DEPRECATED] Setting lowercase HTTP method key "get" is deprecated. Use uppercase HTTP method like "GET". in SYSTEMPATH/Filters/Filters.php on line 648.
 1 SYSTEMPATH/Filters/Filters.php(648): trigger_error('Setting lowercase HTTP method key "get" is deprecated. Use uppercase HTTP method like "GET".', 16384)
 2 SYSTEMPATH/Filters/Filters.php(399): CodeIgniter\Filters\Filters->processMethods()
 3 SYSTEMPATH/Filters/Filters.php(181): CodeIgniter\Filters\Filters->initialize('demo')
 4 SYSTEMPATH/CodeIgniter.php(481): CodeIgniter\Filters\Filters->run('demo', 'before')
 5 SYSTEMPATH/CodeIgniter.php(355): CodeIgniter\CodeIgniter->handleRequest(null, Object(Config\Cache), false)
 6 SYSTEMPATH/Boot.php(325): CodeIgniter\CodeIgniter->run()
 7 SYSTEMPATH/Boot.php(67): CodeIgniter\Boot::runCodeIgniter(Object(CodeIgniter\CodeIgniter))
 8 FCPATH/index.php(56): CodeIgniter\Boot::bootWeb(Object(Config\Paths))
 9 SYSTEMPATH/rewrite.php(44): require_once('/Applications/MAMP/htdocs/ci4_sakerp24.api/index.php')
WARNING - 2024-08-13 07:55:50 --> [DEPRECATED] Setting lowercase HTTP method key "get" is deprecated. Use uppercase HTTP method like "GET". in SYSTEMPATH/Filters/Filters.php on line 648.
 1 SYSTEMPATH/Filters/Filters.php(648): trigger_error('Setting lowercase HTTP method key "get" is deprecated. Use uppercase HTTP method like "GET".', 16384)
 2 SYSTEMPATH/Filters/Filters.php(399): CodeIgniter\Filters\Filters->processMethods()
 3 SYSTEMPATH/Filters/Filters.php(181): CodeIgniter\Filters\Filters->initialize('demo')
 4 SYSTEMPATH/CodeIgniter.php(481): CodeIgniter\Filters\Filters->run('demo', 'before')
 5 SYSTEMPATH/CodeIgniter.php(355): CodeIgniter\CodeIgniter->handleRequest(null, Object(Config\Cache), false)
 6 SYSTEMPATH/Boot.php(325): CodeIgniter\CodeIgniter->run()
 7 SYSTEMPATH/Boot.php(67): CodeIgniter\Boot::runCodeIgniter(Object(CodeIgniter\CodeIgniter))
 8 FCPATH/index.php(56): CodeIgniter\Boot::bootWeb(Object(Config\Paths))
 9 SYSTEMPATH/rewrite.php(44): require_once('/Applications/MAMP/htdocs/ci4_sakerp24.api/index.php')
WARNING - 2024-08-13 09:07:45 --> [DEPRECATED] Setting lowercase HTTP method key "get" is deprecated. Use uppercase HTTP method like "GET". in SYSTEMPATH/Filters/Filters.php on line 648.
 1 SYSTEMPATH/Filters/Filters.php(648): trigger_error('Setting lowercase HTTP method key "get" is deprecated. Use uppercase HTTP method like "GET".', 16384)
 2 SYSTEMPATH/Filters/Filters.php(399): CodeIgniter\Filters\Filters->processMethods()
 3 SYSTEMPATH/Filters/Filters.php(181): CodeIgniter\Filters\Filters->initialize('demo')
 4 SYSTEMPATH/CodeIgniter.php(481): CodeIgniter\Filters\Filters->run('demo', 'before')
 5 SYSTEMPATH/CodeIgniter.php(355): CodeIgniter\CodeIgniter->handleRequest(null, Object(Config\Cache), false)
 6 SYSTEMPATH/Boot.php(325): CodeIgniter\CodeIgniter->run()
 7 SYSTEMPATH/Boot.php(67): CodeIgniter\Boot::runCodeIgniter(Object(CodeIgniter\CodeIgniter))
 8 FCPATH/index.php(56): CodeIgniter\Boot::bootWeb(Object(Config\Paths))
 9 SYSTEMPATH/rewrite.php(44): require_once('/Applications/MAMP/htdocs/ci4_sakerp24.api/index.php')
WARNING - 2024-08-13 09:13:06 --> [DEPRECATED] Setting lowercase HTTP method key "get" is deprecated. Use uppercase HTTP method like "GET". in SYSTEMPATH/Filters/Filters.php on line 648.
 1 SYSTEMPATH/Filters/Filters.php(648): trigger_error('Setting lowercase HTTP method key "get" is deprecated. Use uppercase HTTP method like "GET".', 16384)
 2 SYSTEMPATH/Filters/Filters.php(399): CodeIgniter\Filters\Filters->processMethods()
 3 SYSTEMPATH/Filters/Filters.php(181): CodeIgniter\Filters\Filters->initialize('demo')
 4 SYSTEMPATH/CodeIgniter.php(481): CodeIgniter\Filters\Filters->run('demo', 'before')
 5 SYSTEMPATH/CodeIgniter.php(355): CodeIgniter\CodeIgniter->handleRequest(null, Object(Config\Cache), false)
 6 SYSTEMPATH/Boot.php(325): CodeIgniter\CodeIgniter->run()
 7 SYSTEMPATH/Boot.php(67): CodeIgniter\Boot::runCodeIgniter(Object(CodeIgniter\CodeIgniter))
 8 FCPATH/index.php(56): CodeIgniter\Boot::bootWeb(Object(Config\Paths))
 9 SYSTEMPATH/rewrite.php(44): require_once('/Applications/MAMP/htdocs/ci4_sakerp24.api/index.php')
WARNING - 2024-08-13 09:13:08 --> [DEPRECATED] Setting lowercase HTTP method key "get" is deprecated. Use uppercase HTTP method like "GET". in SYSTEMPATH/Filters/Filters.php on line 648.
 1 SYSTEMPATH/Filters/Filters.php(648): trigger_error('Setting lowercase HTTP method key "get" is deprecated. Use uppercase HTTP method like "GET".', 16384)
 2 SYSTEMPATH/Filters/Filters.php(399): CodeIgniter\Filters\Filters->processMethods()
 3 SYSTEMPATH/Filters/Filters.php(181): CodeIgniter\Filters\Filters->initialize('demo')
 4 SYSTEMPATH/CodeIgniter.php(481): CodeIgniter\Filters\Filters->run('demo', 'before')
 5 SYSTEMPATH/CodeIgniter.php(355): CodeIgniter\CodeIgniter->handleRequest(null, Object(Config\Cache), false)
 6 SYSTEMPATH/Boot.php(325): CodeIgniter\CodeIgniter->run()
 7 SYSTEMPATH/Boot.php(67): CodeIgniter\Boot::runCodeIgniter(Object(CodeIgniter\CodeIgniter))
 8 FCPATH/index.php(56): CodeIgniter\Boot::bootWeb(Object(Config\Paths))
 9 SYSTEMPATH/rewrite.php(44): require_once('/Applications/MAMP/htdocs/ci4_sakerp24.api/index.php')
WARNING - 2024-08-13 09:13:09 --> [DEPRECATED] Setting lowercase HTTP method key "get" is deprecated. Use uppercase HTTP method like "GET". in SYSTEMPATH/Filters/Filters.php on line 648.
 1 SYSTEMPATH/Filters/Filters.php(648): trigger_error('Setting lowercase HTTP method key "get" is deprecated. Use uppercase HTTP method like "GET".', 16384)
 2 SYSTEMPATH/Filters/Filters.php(399): CodeIgniter\Filters\Filters->processMethods()
 3 SYSTEMPATH/Filters/Filters.php(181): CodeIgniter\Filters\Filters->initialize('demo')
 4 SYSTEMPATH/CodeIgniter.php(481): CodeIgniter\Filters\Filters->run('demo', 'before')
 5 SYSTEMPATH/CodeIgniter.php(355): CodeIgniter\CodeIgniter->handleRequest(null, Object(Config\Cache), false)
 6 SYSTEMPATH/Boot.php(325): CodeIgniter\CodeIgniter->run()
 7 SYSTEMPATH/Boot.php(67): CodeIgniter\Boot::runCodeIgniter(Object(CodeIgniter\CodeIgniter))
 8 FCPATH/index.php(56): CodeIgniter\Boot::bootWeb(Object(Config\Paths))
 9 SYSTEMPATH/rewrite.php(44): require_once('/Applications/MAMP/htdocs/ci4_sakerp24.api/index.php')
WARNING - 2024-08-13 09:16:11 --> [DEPRECATED] Setting lowercase HTTP method key "get" is deprecated. Use uppercase HTTP method like "GET". in SYSTEMPATH/Filters/Filters.php on line 648.
 1 SYSTEMPATH/Filters/Filters.php(648): trigger_error('Setting lowercase HTTP method key "get" is deprecated. Use uppercase HTTP method like "GET".', 16384)
 2 SYSTEMPATH/Filters/Filters.php(399): CodeIgniter\Filters\Filters->processMethods()
 3 SYSTEMPATH/Filters/Filters.php(181): CodeIgniter\Filters\Filters->initialize('demo')
 4 SYSTEMPATH/CodeIgniter.php(481): CodeIgniter\Filters\Filters->run('demo', 'before')
 5 SYSTEMPATH/CodeIgniter.php(355): CodeIgniter\CodeIgniter->handleRequest(null, Object(Config\Cache), false)
 6 SYSTEMPATH/Boot.php(325): CodeIgniter\CodeIgniter->run()
 7 SYSTEMPATH/Boot.php(67): CodeIgniter\Boot::runCodeIgniter(Object(CodeIgniter\CodeIgniter))
 8 FCPATH/index.php(56): CodeIgniter\Boot::bootWeb(Object(Config\Paths))
 9 SYSTEMPATH/rewrite.php(44): require_once('/Applications/MAMP/htdocs/ci4_sakerp24.api/index.php')
WARNING - 2024-08-13 09:26:27 --> [DEPRECATED] Setting lowercase HTTP method key "get" is deprecated. Use uppercase HTTP method like "GET". in SYSTEMPATH/Filters/Filters.php on line 648.
 1 SYSTEMPATH/Filters/Filters.php(648): trigger_error('Setting lowercase HTTP method key "get" is deprecated. Use uppercase HTTP method like "GET".', 16384)
 2 SYSTEMPATH/Filters/Filters.php(399): CodeIgniter\Filters\Filters->processMethods()
 3 SYSTEMPATH/Filters/Filters.php(181): CodeIgniter\Filters\Filters->initialize('demo')
 4 SYSTEMPATH/CodeIgniter.php(481): CodeIgniter\Filters\Filters->run('demo', 'before')
 5 SYSTEMPATH/CodeIgniter.php(355): CodeIgniter\CodeIgniter->handleRequest(null, Object(Config\Cache), false)
 6 SYSTEMPATH/Boot.php(325): CodeIgniter\CodeIgniter->run()
 7 SYSTEMPATH/Boot.php(67): CodeIgniter\Boot::runCodeIgniter(Object(CodeIgniter\CodeIgniter))
 8 FCPATH/index.php(56): CodeIgniter\Boot::bootWeb(Object(Config\Paths))
 9 SYSTEMPATH/rewrite.php(44): require_once('/Applications/MAMP/htdocs/ci4_sakerp24.api/index.php')
WARNING - 2024-08-13 09:26:30 --> [DEPRECATED] Setting lowercase HTTP method key "get" is deprecated. Use uppercase HTTP method like "GET". in SYSTEMPATH/Filters/Filters.php on line 648.
 1 SYSTEMPATH/Filters/Filters.php(648): trigger_error('Setting lowercase HTTP method key "get" is deprecated. Use uppercase HTTP method like "GET".', 16384)
 2 SYSTEMPATH/Filters/Filters.php(399): CodeIgniter\Filters\Filters->processMethods()
 3 SYSTEMPATH/Filters/Filters.php(181): CodeIgniter\Filters\Filters->initialize('demo')
 4 SYSTEMPATH/CodeIgniter.php(481): CodeIgniter\Filters\Filters->run('demo', 'before')
 5 SYSTEMPATH/CodeIgniter.php(355): CodeIgniter\CodeIgniter->handleRequest(null, Object(Config\Cache), false)
 6 SYSTEMPATH/Boot.php(325): CodeIgniter\CodeIgniter->run()
 7 SYSTEMPATH/Boot.php(67): CodeIgniter\Boot::runCodeIgniter(Object(CodeIgniter\CodeIgniter))
 8 FCPATH/index.php(56): CodeIgniter\Boot::bootWeb(Object(Config\Paths))
 9 SYSTEMPATH/rewrite.php(44): require_once('/Applications/MAMP/htdocs/ci4_sakerp24.api/index.php')
WARNING - 2024-08-13 09:26:30 --> [DEPRECATED] Setting lowercase HTTP method key "get" is deprecated. Use uppercase HTTP method like "GET". in SYSTEMPATH/Filters/Filters.php on line 648.
 1 SYSTEMPATH/Filters/Filters.php(648): trigger_error('Setting lowercase HTTP method key "get" is deprecated. Use uppercase HTTP method like "GET".', 16384)
 2 SYSTEMPATH/Filters/Filters.php(399): CodeIgniter\Filters\Filters->processMethods()
 3 SYSTEMPATH/Filters/Filters.php(181): CodeIgniter\Filters\Filters->initialize('demo')
 4 SYSTEMPATH/CodeIgniter.php(481): CodeIgniter\Filters\Filters->run('demo', 'before')
 5 SYSTEMPATH/CodeIgniter.php(355): CodeIgniter\CodeIgniter->handleRequest(null, Object(Config\Cache), false)
 6 SYSTEMPATH/Boot.php(325): CodeIgniter\CodeIgniter->run()
 7 SYSTEMPATH/Boot.php(67): CodeIgniter\Boot::runCodeIgniter(Object(CodeIgniter\CodeIgniter))
 8 FCPATH/index.php(56): CodeIgniter\Boot::bootWeb(Object(Config\Paths))
 9 SYSTEMPATH/rewrite.php(44): require_once('/Applications/MAMP/htdocs/ci4_sakerp24.api/index.php')
WARNING - 2024-08-13 09:26:30 --> [DEPRECATED] Setting lowercase HTTP method key "get" is deprecated. Use uppercase HTTP method like "GET". in SYSTEMPATH/Filters/Filters.php on line 648.
 1 SYSTEMPATH/Filters/Filters.php(648): trigger_error('Setting lowercase HTTP method key "get" is deprecated. Use uppercase HTTP method like "GET".', 16384)
 2 SYSTEMPATH/Filters/Filters.php(399): CodeIgniter\Filters\Filters->processMethods()
 3 SYSTEMPATH/Filters/Filters.php(181): CodeIgniter\Filters\Filters->initialize('demo')
 4 SYSTEMPATH/CodeIgniter.php(481): CodeIgniter\Filters\Filters->run('demo', 'before')
 5 SYSTEMPATH/CodeIgniter.php(355): CodeIgniter\CodeIgniter->handleRequest(null, Object(Config\Cache), false)
 6 SYSTEMPATH/Boot.php(325): CodeIgniter\CodeIgniter->run()
 7 SYSTEMPATH/Boot.php(67): CodeIgniter\Boot::runCodeIgniter(Object(CodeIgniter\CodeIgniter))
 8 FCPATH/index.php(56): CodeIgniter\Boot::bootWeb(Object(Config\Paths))
 9 SYSTEMPATH/rewrite.php(44): require_once('/Applications/MAMP/htdocs/ci4_sakerp24.api/index.php')
WARNING - 2024-08-13 09:26:30 --> [DEPRECATED] Setting lowercase HTTP method key "get" is deprecated. Use uppercase HTTP method like "GET". in SYSTEMPATH/Filters/Filters.php on line 648.
 1 SYSTEMPATH/Filters/Filters.php(648): trigger_error('Setting lowercase HTTP method key "get" is deprecated. Use uppercase HTTP method like "GET".', 16384)
 2 SYSTEMPATH/Filters/Filters.php(399): CodeIgniter\Filters\Filters->processMethods()
 3 SYSTEMPATH/Filters/Filters.php(181): CodeIgniter\Filters\Filters->initialize('demo')
 4 SYSTEMPATH/CodeIgniter.php(481): CodeIgniter\Filters\Filters->run('demo', 'before')
 5 SYSTEMPATH/CodeIgniter.php(355): CodeIgniter\CodeIgniter->handleRequest(null, Object(Config\Cache), false)
 6 SYSTEMPATH/Boot.php(325): CodeIgniter\CodeIgniter->run()
 7 SYSTEMPATH/Boot.php(67): CodeIgniter\Boot::runCodeIgniter(Object(CodeIgniter\CodeIgniter))
 8 FCPATH/index.php(56): CodeIgniter\Boot::bootWeb(Object(Config\Paths))
 9 SYSTEMPATH/rewrite.php(44): require_once('/Applications/MAMP/htdocs/ci4_sakerp24.api/index.php')
WARNING - 2024-08-13 09:26:30 --> [DEPRECATED] Setting lowercase HTTP method key "get" is deprecated. Use uppercase HTTP method like "GET". in SYSTEMPATH/Filters/Filters.php on line 648.
 1 SYSTEMPATH/Filters/Filters.php(648): trigger_error('Setting lowercase HTTP method key "get" is deprecated. Use uppercase HTTP method like "GET".', 16384)
 2 SYSTEMPATH/Filters/Filters.php(399): CodeIgniter\Filters\Filters->processMethods()
 3 SYSTEMPATH/Filters/Filters.php(181): CodeIgniter\Filters\Filters->initialize('demo')
 4 SYSTEMPATH/CodeIgniter.php(481): CodeIgniter\Filters\Filters->run('demo', 'before')
 5 SYSTEMPATH/CodeIgniter.php(355): CodeIgniter\CodeIgniter->handleRequest(null, Object(Config\Cache), false)
 6 SYSTEMPATH/Boot.php(325): CodeIgniter\CodeIgniter->run()
 7 SYSTEMPATH/Boot.php(67): CodeIgniter\Boot::runCodeIgniter(Object(CodeIgniter\CodeIgniter))
 8 FCPATH/index.php(56): CodeIgniter\Boot::bootWeb(Object(Config\Paths))
 9 SYSTEMPATH/rewrite.php(44): require_once('/Applications/MAMP/htdocs/ci4_sakerp24.api/index.php')
WARNING - 2024-08-13 09:26:30 --> [DEPRECATED] Setting lowercase HTTP method key "get" is deprecated. Use uppercase HTTP method like "GET". in SYSTEMPATH/Filters/Filters.php on line 648.
 1 SYSTEMPATH/Filters/Filters.php(648): trigger_error('Setting lowercase HTTP method key "get" is deprecated. Use uppercase HTTP method like "GET".', 16384)
 2 SYSTEMPATH/Filters/Filters.php(399): CodeIgniter\Filters\Filters->processMethods()
 3 SYSTEMPATH/Filters/Filters.php(181): CodeIgniter\Filters\Filters->initialize('demo')
 4 SYSTEMPATH/CodeIgniter.php(481): CodeIgniter\Filters\Filters->run('demo', 'before')
 5 SYSTEMPATH/CodeIgniter.php(355): CodeIgniter\CodeIgniter->handleRequest(null, Object(Config\Cache), false)
 6 SYSTEMPATH/Boot.php(325): CodeIgniter\CodeIgniter->run()
 7 SYSTEMPATH/Boot.php(67): CodeIgniter\Boot::runCodeIgniter(Object(CodeIgniter\CodeIgniter))
 8 FCPATH/index.php(56): CodeIgniter\Boot::bootWeb(Object(Config\Paths))
 9 SYSTEMPATH/rewrite.php(44): require_once('/Applications/MAMP/htdocs/ci4_sakerp24.api/index.php')
WARNING - 2024-08-13 09:27:09 --> [DEPRECATED] Setting lowercase HTTP method key "get" is deprecated. Use uppercase HTTP method like "GET". in SYSTEMPATH/Filters/Filters.php on line 648.
 1 SYSTEMPATH/Filters/Filters.php(648): trigger_error('Setting lowercase HTTP method key "get" is deprecated. Use uppercase HTTP method like "GET".', 16384)
 2 SYSTEMPATH/Filters/Filters.php(399): CodeIgniter\Filters\Filters->processMethods()
 3 SYSTEMPATH/Filters/Filters.php(181): CodeIgniter\Filters\Filters->initialize('demo')
 4 SYSTEMPATH/CodeIgniter.php(481): CodeIgniter\Filters\Filters->run('demo', 'before')
 5 SYSTEMPATH/CodeIgniter.php(355): CodeIgniter\CodeIgniter->handleRequest(null, Object(Config\Cache), false)
 6 SYSTEMPATH/Boot.php(325): CodeIgniter\CodeIgniter->run()
 7 SYSTEMPATH/Boot.php(67): CodeIgniter\Boot::runCodeIgniter(Object(CodeIgniter\CodeIgniter))
 8 FCPATH/index.php(56): CodeIgniter\Boot::bootWeb(Object(Config\Paths))
 9 SYSTEMPATH/rewrite.php(44): require_once('/Applications/MAMP/htdocs/ci4_sakerp24.api/index.php')
WARNING - 2024-08-13 09:27:09 --> [DEPRECATED] Setting lowercase HTTP method key "get" is deprecated. Use uppercase HTTP method like "GET". in SYSTEMPATH/Filters/Filters.php on line 648.
 1 SYSTEMPATH/Filters/Filters.php(648): trigger_error('Setting lowercase HTTP method key "get" is deprecated. Use uppercase HTTP method like "GET".', 16384)
 2 SYSTEMPATH/Filters/Filters.php(399): CodeIgniter\Filters\Filters->processMethods()
 3 SYSTEMPATH/Filters/Filters.php(181): CodeIgniter\Filters\Filters->initialize('demo')
 4 SYSTEMPATH/CodeIgniter.php(481): CodeIgniter\Filters\Filters->run('demo', 'before')
 5 SYSTEMPATH/CodeIgniter.php(355): CodeIgniter\CodeIgniter->handleRequest(null, Object(Config\Cache), false)
 6 SYSTEMPATH/Boot.php(325): CodeIgniter\CodeIgniter->run()
 7 SYSTEMPATH/Boot.php(67): CodeIgniter\Boot::runCodeIgniter(Object(CodeIgniter\CodeIgniter))
 8 FCPATH/index.php(56): CodeIgniter\Boot::bootWeb(Object(Config\Paths))
 9 SYSTEMPATH/rewrite.php(44): require_once('/Applications/MAMP/htdocs/ci4_sakerp24.api/index.php')
WARNING - 2024-08-13 09:28:51 --> [DEPRECATED] Setting lowercase HTTP method key "get" is deprecated. Use uppercase HTTP method like "GET". in SYSTEMPATH/Filters/Filters.php on line 648.
 1 SYSTEMPATH/Filters/Filters.php(648): trigger_error('Setting lowercase HTTP method key "get" is deprecated. Use uppercase HTTP method like "GET".', 16384)
 2 SYSTEMPATH/Filters/Filters.php(399): CodeIgniter\Filters\Filters->processMethods()
 3 SYSTEMPATH/Filters/Filters.php(181): CodeIgniter\Filters\Filters->initialize('demo')
 4 SYSTEMPATH/CodeIgniter.php(481): CodeIgniter\Filters\Filters->run('demo', 'before')
 5 SYSTEMPATH/CodeIgniter.php(355): CodeIgniter\CodeIgniter->handleRequest(null, Object(Config\Cache), false)
 6 SYSTEMPATH/Boot.php(325): CodeIgniter\CodeIgniter->run()
 7 SYSTEMPATH/Boot.php(67): CodeIgniter\Boot::runCodeIgniter(Object(CodeIgniter\CodeIgniter))
 8 FCPATH/index.php(56): CodeIgniter\Boot::bootWeb(Object(Config\Paths))
 9 SYSTEMPATH/rewrite.php(44): require_once('/Applications/MAMP/htdocs/ci4_sakerp24.api/index.php')
WARNING - 2024-08-13 09:28:52 --> [DEPRECATED] Setting lowercase HTTP method key "get" is deprecated. Use uppercase HTTP method like "GET". in SYSTEMPATH/Filters/Filters.php on line 648.
 1 SYSTEMPATH/Filters/Filters.php(648): trigger_error('Setting lowercase HTTP method key "get" is deprecated. Use uppercase HTTP method like "GET".', 16384)
 2 SYSTEMPATH/Filters/Filters.php(399): CodeIgniter\Filters\Filters->processMethods()
 3 SYSTEMPATH/Filters/Filters.php(181): CodeIgniter\Filters\Filters->initialize('demo')
 4 SYSTEMPATH/CodeIgniter.php(481): CodeIgniter\Filters\Filters->run('demo', 'before')
 5 SYSTEMPATH/CodeIgniter.php(355): CodeIgniter\CodeIgniter->handleRequest(null, Object(Config\Cache), false)
 6 SYSTEMPATH/Boot.php(325): CodeIgniter\CodeIgniter->run()
 7 SYSTEMPATH/Boot.php(67): CodeIgniter\Boot::runCodeIgniter(Object(CodeIgniter\CodeIgniter))
 8 FCPATH/index.php(56): CodeIgniter\Boot::bootWeb(Object(Config\Paths))
 9 SYSTEMPATH/rewrite.php(44): require_once('/Applications/MAMP/htdocs/ci4_sakerp24.api/index.php')
WARNING - 2024-08-13 09:28:52 --> [DEPRECATED] Setting lowercase HTTP method key "get" is deprecated. Use uppercase HTTP method like "GET". in SYSTEMPATH/Filters/Filters.php on line 648.
 1 SYSTEMPATH/Filters/Filters.php(648): trigger_error('Setting lowercase HTTP method key "get" is deprecated. Use uppercase HTTP method like "GET".', 16384)
 2 SYSTEMPATH/Filters/Filters.php(399): CodeIgniter\Filters\Filters->processMethods()
 3 SYSTEMPATH/Filters/Filters.php(181): CodeIgniter\Filters\Filters->initialize('demo')
 4 SYSTEMPATH/CodeIgniter.php(481): CodeIgniter\Filters\Filters->run('demo', 'before')
 5 SYSTEMPATH/CodeIgniter.php(355): CodeIgniter\CodeIgniter->handleRequest(null, Object(Config\Cache), false)
 6 SYSTEMPATH/Boot.php(325): CodeIgniter\CodeIgniter->run()
 7 SYSTEMPATH/Boot.php(67): CodeIgniter\Boot::runCodeIgniter(Object(CodeIgniter\CodeIgniter))
 8 FCPATH/index.php(56): CodeIgniter\Boot::bootWeb(Object(Config\Paths))
 9 SYSTEMPATH/rewrite.php(44): require_once('/Applications/MAMP/htdocs/ci4_sakerp24.api/index.php')
WARNING - 2024-08-13 09:29:00 --> [DEPRECATED] Setting lowercase HTTP method key "get" is deprecated. Use uppercase HTTP method like "GET". in SYSTEMPATH/Filters/Filters.php on line 648.
 1 SYSTEMPATH/Filters/Filters.php(648): trigger_error('Setting lowercase HTTP method key "get" is deprecated. Use uppercase HTTP method like "GET".', 16384)
 2 SYSTEMPATH/Filters/Filters.php(399): CodeIgniter\Filters\Filters->processMethods()
 3 SYSTEMPATH/Filters/Filters.php(181): CodeIgniter\Filters\Filters->initialize('demo')
 4 SYSTEMPATH/CodeIgniter.php(481): CodeIgniter\Filters\Filters->run('demo', 'before')
 5 SYSTEMPATH/CodeIgniter.php(355): CodeIgniter\CodeIgniter->handleRequest(null, Object(Config\Cache), false)
 6 SYSTEMPATH/Boot.php(325): CodeIgniter\CodeIgniter->run()
 7 SYSTEMPATH/Boot.php(67): CodeIgniter\Boot::runCodeIgniter(Object(CodeIgniter\CodeIgniter))
 8 FCPATH/index.php(56): CodeIgniter\Boot::bootWeb(Object(Config\Paths))
 9 SYSTEMPATH/rewrite.php(44): require_once('/Applications/MAMP/htdocs/ci4_sakerp24.api/index.php')
WARNING - 2024-08-13 09:29:02 --> [DEPRECATED] Setting lowercase HTTP method key "get" is deprecated. Use uppercase HTTP method like "GET". in SYSTEMPATH/Filters/Filters.php on line 648.
 1 SYSTEMPATH/Filters/Filters.php(648): trigger_error('Setting lowercase HTTP method key "get" is deprecated. Use uppercase HTTP method like "GET".', 16384)
 2 SYSTEMPATH/Filters/Filters.php(399): CodeIgniter\Filters\Filters->processMethods()
 3 SYSTEMPATH/Filters/Filters.php(181): CodeIgniter\Filters\Filters->initialize('demo')
 4 SYSTEMPATH/CodeIgniter.php(481): CodeIgniter\Filters\Filters->run('demo', 'before')
 5 SYSTEMPATH/CodeIgniter.php(355): CodeIgniter\CodeIgniter->handleRequest(null, Object(Config\Cache), false)
 6 SYSTEMPATH/Boot.php(325): CodeIgniter\CodeIgniter->run()
 7 SYSTEMPATH/Boot.php(67): CodeIgniter\Boot::runCodeIgniter(Object(CodeIgniter\CodeIgniter))
 8 FCPATH/index.php(56): CodeIgniter\Boot::bootWeb(Object(Config\Paths))
 9 SYSTEMPATH/rewrite.php(44): require_once('/Applications/MAMP/htdocs/ci4_sakerp24.api/index.php')
WARNING - 2024-08-13 09:29:04 --> [DEPRECATED] Setting lowercase HTTP method key "get" is deprecated. Use uppercase HTTP method like "GET". in SYSTEMPATH/Filters/Filters.php on line 648.
 1 SYSTEMPATH/Filters/Filters.php(648): trigger_error('Setting lowercase HTTP method key "get" is deprecated. Use uppercase HTTP method like "GET".', 16384)
 2 SYSTEMPATH/Filters/Filters.php(399): CodeIgniter\Filters\Filters->processMethods()
 3 SYSTEMPATH/Filters/Filters.php(181): CodeIgniter\Filters\Filters->initialize('demo')
 4 SYSTEMPATH/CodeIgniter.php(481): CodeIgniter\Filters\Filters->run('demo', 'before')
 5 SYSTEMPATH/CodeIgniter.php(355): CodeIgniter\CodeIgniter->handleRequest(null, Object(Config\Cache), false)
 6 SYSTEMPATH/Boot.php(325): CodeIgniter\CodeIgniter->run()
 7 SYSTEMPATH/Boot.php(67): CodeIgniter\Boot::runCodeIgniter(Object(CodeIgniter\CodeIgniter))
 8 FCPATH/index.php(56): CodeIgniter\Boot::bootWeb(Object(Config\Paths))
 9 SYSTEMPATH/rewrite.php(44): require_once('/Applications/MAMP/htdocs/ci4_sakerp24.api/index.php')
WARNING - 2024-08-13 09:29:04 --> [DEPRECATED] Setting lowercase HTTP method key "get" is deprecated. Use uppercase HTTP method like "GET". in SYSTEMPATH/Filters/Filters.php on line 648.
 1 SYSTEMPATH/Filters/Filters.php(648): trigger_error('Setting lowercase HTTP method key "get" is deprecated. Use uppercase HTTP method like "GET".', 16384)
 2 SYSTEMPATH/Filters/Filters.php(399): CodeIgniter\Filters\Filters->processMethods()
 3 SYSTEMPATH/Filters/Filters.php(181): CodeIgniter\Filters\Filters->initialize('demo')
 4 SYSTEMPATH/CodeIgniter.php(481): CodeIgniter\Filters\Filters->run('demo', 'before')
 5 SYSTEMPATH/CodeIgniter.php(355): CodeIgniter\CodeIgniter->handleRequest(null, Object(Config\Cache), false)
 6 SYSTEMPATH/Boot.php(325): CodeIgniter\CodeIgniter->run()
 7 SYSTEMPATH/Boot.php(67): CodeIgniter\Boot::runCodeIgniter(Object(CodeIgniter\CodeIgniter))
 8 FCPATH/index.php(56): CodeIgniter\Boot::bootWeb(Object(Config\Paths))
 9 SYSTEMPATH/rewrite.php(44): require_once('/Applications/MAMP/htdocs/ci4_sakerp24.api/index.php')
WARNING - 2024-08-13 09:29:04 --> [DEPRECATED] Setting lowercase HTTP method key "get" is deprecated. Use uppercase HTTP method like "GET". in SYSTEMPATH/Filters/Filters.php on line 648.
 1 SYSTEMPATH/Filters/Filters.php(648): trigger_error('Setting lowercase HTTP method key "get" is deprecated. Use uppercase HTTP method like "GET".', 16384)
 2 SYSTEMPATH/Filters/Filters.php(399): CodeIgniter\Filters\Filters->processMethods()
 3 SYSTEMPATH/Filters/Filters.php(181): CodeIgniter\Filters\Filters->initialize('demo')
 4 SYSTEMPATH/CodeIgniter.php(481): CodeIgniter\Filters\Filters->run('demo', 'before')
 5 SYSTEMPATH/CodeIgniter.php(355): CodeIgniter\CodeIgniter->handleRequest(null, Object(Config\Cache), false)
 6 SYSTEMPATH/Boot.php(325): CodeIgniter\CodeIgniter->run()
 7 SYSTEMPATH/Boot.php(67): CodeIgniter\Boot::runCodeIgniter(Object(CodeIgniter\CodeIgniter))
 8 FCPATH/index.php(56): CodeIgniter\Boot::bootWeb(Object(Config\Paths))
 9 SYSTEMPATH/rewrite.php(44): require_once('/Applications/MAMP/htdocs/ci4_sakerp24.api/index.php')
WARNING - 2024-08-13 09:29:04 --> [DEPRECATED] Setting lowercase HTTP method key "get" is deprecated. Use uppercase HTTP method like "GET". in SYSTEMPATH/Filters/Filters.php on line 648.
 1 SYSTEMPATH/Filters/Filters.php(648): trigger_error('Setting lowercase HTTP method key "get" is deprecated. Use uppercase HTTP method like "GET".', 16384)
 2 SYSTEMPATH/Filters/Filters.php(399): CodeIgniter\Filters\Filters->processMethods()
 3 SYSTEMPATH/Filters/Filters.php(181): CodeIgniter\Filters\Filters->initialize('demo')
 4 SYSTEMPATH/CodeIgniter.php(481): CodeIgniter\Filters\Filters->run('demo', 'before')
 5 SYSTEMPATH/CodeIgniter.php(355): CodeIgniter\CodeIgniter->handleRequest(null, Object(Config\Cache), false)
 6 SYSTEMPATH/Boot.php(325): CodeIgniter\CodeIgniter->run()
 7 SYSTEMPATH/Boot.php(67): CodeIgniter\Boot::runCodeIgniter(Object(CodeIgniter\CodeIgniter))
 8 FCPATH/index.php(56): CodeIgniter\Boot::bootWeb(Object(Config\Paths))
 9 SYSTEMPATH/rewrite.php(44): require_once('/Applications/MAMP/htdocs/ci4_sakerp24.api/index.php')
WARNING - 2024-08-13 09:29:04 --> [DEPRECATED] Setting lowercase HTTP method key "get" is deprecated. Use uppercase HTTP method like "GET". in SYSTEMPATH/Filters/Filters.php on line 648.
 1 SYSTEMPATH/Filters/Filters.php(648): trigger_error('Setting lowercase HTTP method key "get" is deprecated. Use uppercase HTTP method like "GET".', 16384)
 2 SYSTEMPATH/Filters/Filters.php(399): CodeIgniter\Filters\Filters->processMethods()
 3 SYSTEMPATH/Filters/Filters.php(181): CodeIgniter\Filters\Filters->initialize('demo')
 4 SYSTEMPATH/CodeIgniter.php(481): CodeIgniter\Filters\Filters->run('demo', 'before')
 5 SYSTEMPATH/CodeIgniter.php(355): CodeIgniter\CodeIgniter->handleRequest(null, Object(Config\Cache), false)
 6 SYSTEMPATH/Boot.php(325): CodeIgniter\CodeIgniter->run()
 7 SYSTEMPATH/Boot.php(67): CodeIgniter\Boot::runCodeIgniter(Object(CodeIgniter\CodeIgniter))
 8 FCPATH/index.php(56): CodeIgniter\Boot::bootWeb(Object(Config\Paths))
 9 SYSTEMPATH/rewrite.php(44): require_once('/Applications/MAMP/htdocs/ci4_sakerp24.api/index.php')
WARNING - 2024-08-13 09:29:04 --> [DEPRECATED] Setting lowercase HTTP method key "get" is deprecated. Use uppercase HTTP method like "GET". in SYSTEMPATH/Filters/Filters.php on line 648.
 1 SYSTEMPATH/Filters/Filters.php(648): trigger_error('Setting lowercase HTTP method key "get" is deprecated. Use uppercase HTTP method like "GET".', 16384)
 2 SYSTEMPATH/Filters/Filters.php(399): CodeIgniter\Filters\Filters->processMethods()
 3 SYSTEMPATH/Filters/Filters.php(181): CodeIgniter\Filters\Filters->initialize('demo')
 4 SYSTEMPATH/CodeIgniter.php(481): CodeIgniter\Filters\Filters->run('demo', 'before')
 5 SYSTEMPATH/CodeIgniter.php(355): CodeIgniter\CodeIgniter->handleRequest(null, Object(Config\Cache), false)
 6 SYSTEMPATH/Boot.php(325): CodeIgniter\CodeIgniter->run()
 7 SYSTEMPATH/Boot.php(67): CodeIgniter\Boot::runCodeIgniter(Object(CodeIgniter\CodeIgniter))
 8 FCPATH/index.php(56): CodeIgniter\Boot::bootWeb(Object(Config\Paths))
 9 SYSTEMPATH/rewrite.php(44): require_once('/Applications/MAMP/htdocs/ci4_sakerp24.api/index.php')
WARNING - 2024-08-13 09:29:05 --> [DEPRECATED] Setting lowercase HTTP method key "get" is deprecated. Use uppercase HTTP method like "GET". in SYSTEMPATH/Filters/Filters.php on line 648.
 1 SYSTEMPATH/Filters/Filters.php(648): trigger_error('Setting lowercase HTTP method key "get" is deprecated. Use uppercase HTTP method like "GET".', 16384)
 2 SYSTEMPATH/Filters/Filters.php(399): CodeIgniter\Filters\Filters->processMethods()
 3 SYSTEMPATH/Filters/Filters.php(181): CodeIgniter\Filters\Filters->initialize('demo')
 4 SYSTEMPATH/CodeIgniter.php(481): CodeIgniter\Filters\Filters->run('demo', 'before')
 5 SYSTEMPATH/CodeIgniter.php(355): CodeIgniter\CodeIgniter->handleRequest(null, Object(Config\Cache), false)
 6 SYSTEMPATH/Boot.php(325): CodeIgniter\CodeIgniter->run()
 7 SYSTEMPATH/Boot.php(67): CodeIgniter\Boot::runCodeIgniter(Object(CodeIgniter\CodeIgniter))
 8 FCPATH/index.php(56): CodeIgniter\Boot::bootWeb(Object(Config\Paths))
 9 SYSTEMPATH/rewrite.php(44): require_once('/Applications/MAMP/htdocs/ci4_sakerp24.api/index.php')
WARNING - 2024-08-13 09:29:05 --> [DEPRECATED] Setting lowercase HTTP method key "get" is deprecated. Use uppercase HTTP method like "GET". in SYSTEMPATH/Filters/Filters.php on line 648.
 1 SYSTEMPATH/Filters/Filters.php(648): trigger_error('Setting lowercase HTTP method key "get" is deprecated. Use uppercase HTTP method like "GET".', 16384)
 2 SYSTEMPATH/Filters/Filters.php(399): CodeIgniter\Filters\Filters->processMethods()
 3 SYSTEMPATH/Filters/Filters.php(181): CodeIgniter\Filters\Filters->initialize('demo')
 4 SYSTEMPATH/CodeIgniter.php(481): CodeIgniter\Filters\Filters->run('demo', 'before')
 5 SYSTEMPATH/CodeIgniter.php(355): CodeIgniter\CodeIgniter->handleRequest(null, Object(Config\Cache), false)
 6 SYSTEMPATH/Boot.php(325): CodeIgniter\CodeIgniter->run()
 7 SYSTEMPATH/Boot.php(67): CodeIgniter\Boot::runCodeIgniter(Object(CodeIgniter\CodeIgniter))
 8 FCPATH/index.php(56): CodeIgniter\Boot::bootWeb(Object(Config\Paths))
 9 SYSTEMPATH/rewrite.php(44): require_once('/Applications/MAMP/htdocs/ci4_sakerp24.api/index.php')
WARNING - 2024-08-13 09:29:07 --> [DEPRECATED] Setting lowercase HTTP method key "get" is deprecated. Use uppercase HTTP method like "GET". in SYSTEMPATH/Filters/Filters.php on line 648.
 1 SYSTEMPATH/Filters/Filters.php(648): trigger_error('Setting lowercase HTTP method key "get" is deprecated. Use uppercase HTTP method like "GET".', 16384)
 2 SYSTEMPATH/Filters/Filters.php(399): CodeIgniter\Filters\Filters->processMethods()
 3 SYSTEMPATH/Filters/Filters.php(181): CodeIgniter\Filters\Filters->initialize('demo')
 4 SYSTEMPATH/CodeIgniter.php(481): CodeIgniter\Filters\Filters->run('demo', 'before')
 5 SYSTEMPATH/CodeIgniter.php(355): CodeIgniter\CodeIgniter->handleRequest(null, Object(Config\Cache), false)
 6 SYSTEMPATH/Boot.php(325): CodeIgniter\CodeIgniter->run()
 7 SYSTEMPATH/Boot.php(67): CodeIgniter\Boot::runCodeIgniter(Object(CodeIgniter\CodeIgniter))
 8 FCPATH/index.php(56): CodeIgniter\Boot::bootWeb(Object(Config\Paths))
 9 SYSTEMPATH/rewrite.php(44): require_once('/Applications/MAMP/htdocs/ci4_sakerp24.api/index.php')
WARNING - 2024-08-13 09:29:07 --> [DEPRECATED] Setting lowercase HTTP method key "get" is deprecated. Use uppercase HTTP method like "GET". in SYSTEMPATH/Filters/Filters.php on line 648.
 1 SYSTEMPATH/Filters/Filters.php(648): trigger_error('Setting lowercase HTTP method key "get" is deprecated. Use uppercase HTTP method like "GET".', 16384)
 2 SYSTEMPATH/Filters/Filters.php(399): CodeIgniter\Filters\Filters->processMethods()
 3 SYSTEMPATH/Filters/Filters.php(181): CodeIgniter\Filters\Filters->initialize('demo')
 4 SYSTEMPATH/CodeIgniter.php(481): CodeIgniter\Filters\Filters->run('demo', 'before')
 5 SYSTEMPATH/CodeIgniter.php(355): CodeIgniter\CodeIgniter->handleRequest(null, Object(Config\Cache), false)
 6 SYSTEMPATH/Boot.php(325): CodeIgniter\CodeIgniter->run()
 7 SYSTEMPATH/Boot.php(67): CodeIgniter\Boot::runCodeIgniter(Object(CodeIgniter\CodeIgniter))
 8 FCPATH/index.php(56): CodeIgniter\Boot::bootWeb(Object(Config\Paths))
 9 SYSTEMPATH/rewrite.php(44): require_once('/Applications/MAMP/htdocs/ci4_sakerp24.api/index.php')
WARNING - 2024-08-13 09:29:08 --> [DEPRECATED] Setting lowercase HTTP method key "get" is deprecated. Use uppercase HTTP method like "GET". in SYSTEMPATH/Filters/Filters.php on line 648.
 1 SYSTEMPATH/Filters/Filters.php(648): trigger_error('Setting lowercase HTTP method key "get" is deprecated. Use uppercase HTTP method like "GET".', 16384)
 2 SYSTEMPATH/Filters/Filters.php(399): CodeIgniter\Filters\Filters->processMethods()
 3 SYSTEMPATH/Filters/Filters.php(181): CodeIgniter\Filters\Filters->initialize('demo')
 4 SYSTEMPATH/CodeIgniter.php(481): CodeIgniter\Filters\Filters->run('demo', 'before')
 5 SYSTEMPATH/CodeIgniter.php(355): CodeIgniter\CodeIgniter->handleRequest(null, Object(Config\Cache), false)
 6 SYSTEMPATH/Boot.php(325): CodeIgniter\CodeIgniter->run()
 7 SYSTEMPATH/Boot.php(67): CodeIgniter\Boot::runCodeIgniter(Object(CodeIgniter\CodeIgniter))
 8 FCPATH/index.php(56): CodeIgniter\Boot::bootWeb(Object(Config\Paths))
 9 SYSTEMPATH/rewrite.php(44): require_once('/Applications/MAMP/htdocs/ci4_sakerp24.api/index.php')
WARNING - 2024-08-13 09:29:08 --> [DEPRECATED] Setting lowercase HTTP method key "get" is deprecated. Use uppercase HTTP method like "GET". in SYSTEMPATH/Filters/Filters.php on line 648.
 1 SYSTEMPATH/Filters/Filters.php(648): trigger_error('Setting lowercase HTTP method key "get" is deprecated. Use uppercase HTTP method like "GET".', 16384)
 2 SYSTEMPATH/Filters/Filters.php(399): CodeIgniter\Filters\Filters->processMethods()
 3 SYSTEMPATH/Filters/Filters.php(181): CodeIgniter\Filters\Filters->initialize('demo')
 4 SYSTEMPATH/CodeIgniter.php(481): CodeIgniter\Filters\Filters->run('demo', 'before')
 5 SYSTEMPATH/CodeIgniter.php(355): CodeIgniter\CodeIgniter->handleRequest(null, Object(Config\Cache), false)
 6 SYSTEMPATH/Boot.php(325): CodeIgniter\CodeIgniter->run()
 7 SYSTEMPATH/Boot.php(67): CodeIgniter\Boot::runCodeIgniter(Object(CodeIgniter\CodeIgniter))
 8 FCPATH/index.php(56): CodeIgniter\Boot::bootWeb(Object(Config\Paths))
 9 SYSTEMPATH/rewrite.php(44): require_once('/Applications/MAMP/htdocs/ci4_sakerp24.api/index.php')
WARNING - 2024-08-13 09:29:08 --> [DEPRECATED] Setting lowercase HTTP method key "get" is deprecated. Use uppercase HTTP method like "GET". in SYSTEMPATH/Filters/Filters.php on line 648.
 1 SYSTEMPATH/Filters/Filters.php(648): trigger_error('Setting lowercase HTTP method key "get" is deprecated. Use uppercase HTTP method like "GET".', 16384)
 2 SYSTEMPATH/Filters/Filters.php(399): CodeIgniter\Filters\Filters->processMethods()
 3 SYSTEMPATH/Filters/Filters.php(181): CodeIgniter\Filters\Filters->initialize('demo')
 4 SYSTEMPATH/CodeIgniter.php(481): CodeIgniter\Filters\Filters->run('demo', 'before')
 5 SYSTEMPATH/CodeIgniter.php(355): CodeIgniter\CodeIgniter->handleRequest(null, Object(Config\Cache), false)
 6 SYSTEMPATH/Boot.php(325): CodeIgniter\CodeIgniter->run()
 7 SYSTEMPATH/Boot.php(67): CodeIgniter\Boot::runCodeIgniter(Object(CodeIgniter\CodeIgniter))
 8 FCPATH/index.php(56): CodeIgniter\Boot::bootWeb(Object(Config\Paths))
 9 SYSTEMPATH/rewrite.php(44): require_once('/Applications/MAMP/htdocs/ci4_sakerp24.api/index.php')
WARNING - 2024-08-13 09:29:08 --> [DEPRECATED] Setting lowercase HTTP method key "get" is deprecated. Use uppercase HTTP method like "GET". in SYSTEMPATH/Filters/Filters.php on line 648.
 1 SYSTEMPATH/Filters/Filters.php(648): trigger_error('Setting lowercase HTTP method key "get" is deprecated. Use uppercase HTTP method like "GET".', 16384)
 2 SYSTEMPATH/Filters/Filters.php(399): CodeIgniter\Filters\Filters->processMethods()
 3 SYSTEMPATH/Filters/Filters.php(181): CodeIgniter\Filters\Filters->initialize('demo')
 4 SYSTEMPATH/CodeIgniter.php(481): CodeIgniter\Filters\Filters->run('demo', 'before')
 5 SYSTEMPATH/CodeIgniter.php(355): CodeIgniter\CodeIgniter->handleRequest(null, Object(Config\Cache), false)
 6 SYSTEMPATH/Boot.php(325): CodeIgniter\CodeIgniter->run()
 7 SYSTEMPATH/Boot.php(67): CodeIgniter\Boot::runCodeIgniter(Object(CodeIgniter\CodeIgniter))
 8 FCPATH/index.php(56): CodeIgniter\Boot::bootWeb(Object(Config\Paths))
 9 SYSTEMPATH/rewrite.php(44): require_once('/Applications/MAMP/htdocs/ci4_sakerp24.api/index.php')
WARNING - 2024-08-13 09:29:59 --> [DEPRECATED] Setting lowercase HTTP method key "get" is deprecated. Use uppercase HTTP method like "GET". in SYSTEMPATH/Filters/Filters.php on line 648.
 1 SYSTEMPATH/Filters/Filters.php(648): trigger_error('Setting lowercase HTTP method key "get" is deprecated. Use uppercase HTTP method like "GET".', 16384)
 2 SYSTEMPATH/Filters/Filters.php(399): CodeIgniter\Filters\Filters->processMethods()
 3 SYSTEMPATH/Filters/Filters.php(181): CodeIgniter\Filters\Filters->initialize('demo')
 4 SYSTEMPATH/CodeIgniter.php(481): CodeIgniter\Filters\Filters->run('demo', 'before')
 5 SYSTEMPATH/CodeIgniter.php(355): CodeIgniter\CodeIgniter->handleRequest(null, Object(Config\Cache), false)
 6 SYSTEMPATH/Boot.php(325): CodeIgniter\CodeIgniter->run()
 7 SYSTEMPATH/Boot.php(67): CodeIgniter\Boot::runCodeIgniter(Object(CodeIgniter\CodeIgniter))
 8 FCPATH/index.php(56): CodeIgniter\Boot::bootWeb(Object(Config\Paths))
 9 SYSTEMPATH/rewrite.php(44): require_once('/Applications/MAMP/htdocs/ci4_sakerp24.api/index.php')
WARNING - 2024-08-13 09:29:59 --> [DEPRECATED] Setting lowercase HTTP method key "get" is deprecated. Use uppercase HTTP method like "GET". in SYSTEMPATH/Filters/Filters.php on line 648.
 1 SYSTEMPATH/Filters/Filters.php(648): trigger_error('Setting lowercase HTTP method key "get" is deprecated. Use uppercase HTTP method like "GET".', 16384)
 2 SYSTEMPATH/Filters/Filters.php(399): CodeIgniter\Filters\Filters->processMethods()
 3 SYSTEMPATH/Filters/Filters.php(181): CodeIgniter\Filters\Filters->initialize('demo')
 4 SYSTEMPATH/CodeIgniter.php(481): CodeIgniter\Filters\Filters->run('demo', 'before')
 5 SYSTEMPATH/CodeIgniter.php(355): CodeIgniter\CodeIgniter->handleRequest(null, Object(Config\Cache), false)
 6 SYSTEMPATH/Boot.php(325): CodeIgniter\CodeIgniter->run()
 7 SYSTEMPATH/Boot.php(67): CodeIgniter\Boot::runCodeIgniter(Object(CodeIgniter\CodeIgniter))
 8 FCPATH/index.php(56): CodeIgniter\Boot::bootWeb(Object(Config\Paths))
 9 SYSTEMPATH/rewrite.php(44): require_once('/Applications/MAMP/htdocs/ci4_sakerp24.api/index.php')
WARNING - 2024-08-13 09:29:59 --> [DEPRECATED] Setting lowercase HTTP method key "get" is deprecated. Use uppercase HTTP method like "GET". in SYSTEMPATH/Filters/Filters.php on line 648.
 1 SYSTEMPATH/Filters/Filters.php(648): trigger_error('Setting lowercase HTTP method key "get" is deprecated. Use uppercase HTTP method like "GET".', 16384)
 2 SYSTEMPATH/Filters/Filters.php(399): CodeIgniter\Filters\Filters->processMethods()
 3 SYSTEMPATH/Filters/Filters.php(181): CodeIgniter\Filters\Filters->initialize('demo')
 4 SYSTEMPATH/CodeIgniter.php(481): CodeIgniter\Filters\Filters->run('demo', 'before')
 5 SYSTEMPATH/CodeIgniter.php(355): CodeIgniter\CodeIgniter->handleRequest(null, Object(Config\Cache), false)
 6 SYSTEMPATH/Boot.php(325): CodeIgniter\CodeIgniter->run()
 7 SYSTEMPATH/Boot.php(67): CodeIgniter\Boot::runCodeIgniter(Object(CodeIgniter\CodeIgniter))
 8 FCPATH/index.php(56): CodeIgniter\Boot::bootWeb(Object(Config\Paths))
 9 SYSTEMPATH/rewrite.php(44): require_once('/Applications/MAMP/htdocs/ci4_sakerp24.api/index.php')
WARNING - 2024-08-13 09:29:59 --> [DEPRECATED] Setting lowercase HTTP method key "get" is deprecated. Use uppercase HTTP method like "GET". in SYSTEMPATH/Filters/Filters.php on line 648.
 1 SYSTEMPATH/Filters/Filters.php(648): trigger_error('Setting lowercase HTTP method key "get" is deprecated. Use uppercase HTTP method like "GET".', 16384)
 2 SYSTEMPATH/Filters/Filters.php(399): CodeIgniter\Filters\Filters->processMethods()
 3 SYSTEMPATH/Filters/Filters.php(181): CodeIgniter\Filters\Filters->initialize('demo')
 4 SYSTEMPATH/CodeIgniter.php(481): CodeIgniter\Filters\Filters->run('demo', 'before')
 5 SYSTEMPATH/CodeIgniter.php(355): CodeIgniter\CodeIgniter->handleRequest(null, Object(Config\Cache), false)
 6 SYSTEMPATH/Boot.php(325): CodeIgniter\CodeIgniter->run()
 7 SYSTEMPATH/Boot.php(67): CodeIgniter\Boot::runCodeIgniter(Object(CodeIgniter\CodeIgniter))
 8 FCPATH/index.php(56): CodeIgniter\Boot::bootWeb(Object(Config\Paths))
 9 SYSTEMPATH/rewrite.php(44): require_once('/Applications/MAMP/htdocs/ci4_sakerp24.api/index.php')
